<?xml version="1.0" encoding="UTF-8"?>
<Site BuildName="(empty)"
	BuildStamp="20240620-0144-Experimental"
	Name="glab-System-Product-Name"
	Generator="ctest-3.10.2"
	CompilerName="/usr/bin/c++"
	CompilerVersion="7.5.0"
	OSName="Linux"
	Hostname="glab-System-Product-Name"
	OSRelease="5.4.0-150-generic"
	OSVersion="#167~18.04.1-Ubuntu SMP Wed May 24 00:51:42 UTC 2023"
	OSPlatform="x86_64"
	Is64Bits="1"
	VendorString="AuthenticAMD"
	VendorID="Advanced Micro Devices"
	FamilyID="23"
	ModelID="1"
	ProcessorCacheSize="512"
	NumberOfLogicalCPU="16"
	NumberOfPhysicalCPU="8"
	TotalVirtualMemory="486"
	TotalPhysicalMemory="32094"
	LogicalProcessorsPerPhysical="2"
	ProcessorClockFrequency="3491.29"
	>
	<Testing>
		<StartDateTime>Jun 20 10:44 KST</StartDateTime>
		<StartTestTime>1718847858</StartTestTime>
		<TestList/>
		<EndDateTime>Jun 20 10:44 KST</EndDateTime>
		<EndTestTime>1718847858</EndTestTime>
		<ElapsedMinutes>0</ElapsedMinutes>
	</Testing>
</Site>
